<?xml version="1.0" encoding="UTF-8"?>
<testsuite name="basiclibrary.LibraryTest" tests="4" skipped="0" failures="0" errors="0" timestamp="2021-04-05T15:55:41" hostname="DESKTOP-FCF8OFN" time="0.005">
  <properties/>
  <testcase name="testOne" classname="basiclibrary.LibraryTest" time="0.004"/>
  <testcase name="testTow" classname="basiclibrary.LibraryTest" time="0.0"/>
  <testcase name="testFour" classname="basiclibrary.LibraryTest" time="0.001"/>
  <testcase name="Three" classname="basiclibrary.LibraryTest" time="0.0"/>
  <system-out><![CDATA[]]></system-out>
  <system-err><![CDATA[]]></system-err>
</testsuite>
